Base path: 'D:/Unity/Editors/2019.3.5f1/Editor/Data', plugins path 'D:/Unity/Editors/2019.3.5f1/Editor/Data/PlaybackEngines'
Cmd: initializeCompiler
Cmd: initializeCompiler
Cmd: preprocessCompute
  insize=1366 outsize=1372 ok=1
Cmd: compileComputeKernel
  api=4 insize=1372 outsize=678 ok=1
Cmd: preprocess
  insize=1074 outsize=379 ok=1
Cmd: compileSnippet
  api=4 type=0 insize=1136 outsize=538 kw= pd=UNITY_ENABLE_REFLECTION_BUFFERS UNITY_USE_DITHER_MASK_FOR_ALPHABLENDED_SHADOWS UNITY_PBS_USE_BRDF1 UNITY_SPECCUBE_BOX_PROJECTION UNITY_SPECCUBE_BLENDING UNITY_ENABLE_DETAIL_NORMALMAP SHADER_API_DESKTOP UNITY_COLORSPACE_GAMMA UNITY_LIGHT_PROBE_PROXY_VOLUME UNITY_LIGHTMAP_FULL_HDR ok=1
Cmd: compileSnippet
  api=4 type=1 insize=1136 outsize=262 kw= pd=UNITY_ENABLE_REFLECTION_BUFFERS UNITY_USE_DITHER_MASK_FOR_ALPHABLENDED_SHADOWS UNITY_PBS_USE_BRDF1 UNITY_SPECCUBE_BOX_PROJECTION UNITY_SPECCUBE_BLENDING UNITY_ENABLE_DETAIL_NORMALMAP SHADER_API_DESKTOP UNITY_COLORSPACE_GAMMA UNITY_LIGHT_PROBE_PROXY_VOLUME UNITY_LIGHTMAP_FULL_HDR ok=1
Cmd: preprocess
  insize=3759 outsize=647 ok=1
Cmd: compileSnippet
  api=4 type=0 insize=3555 outsize=1358 kw= pd=UNITY_ENABLE_REFLECTION_BUFFERS UNITY_USE_DITHER_MASK_FOR_ALPHABLENDED_SHADOWS UNITY_PBS_USE_BRDF1 UNITY_SPECCUBE_BOX_PROJECTION UNITY_SPECCUBE_BLENDING UNITY_ENABLE_DETAIL_NORMALMAP SHADER_API_DESKTOP UNITY_COLORSPACE_GAMMA UNITY_LIGHT_PROBE_PROXY_VOLUME UNITY_LIGHTMAP_FULL_HDR ok=1
Cmd: compileSnippet
  api=4 type=1 insize=3555 outsize=1046 kw= pd=UNITY_ENABLE_REFLECTION_BUFFERS UNITY_USE_DITHER_MASK_FOR_ALPHABLENDED_SHADOWS UNITY_PBS_USE_BRDF1 UNITY_SPECCUBE_BOX_PROJECTION UNITY_SPECCUBE_BLENDING UNITY_ENABLE_DETAIL_NORMALMAP SHADER_API_DESKTOP UNITY_COLORSPACE_GAMMA UNITY_LIGHT_PROBE_PROXY_VOLUME UNITY_LIGHTMAP_FULL_HDR ok=1
Cmd: preprocess
  insize=4178 outsize=709 ok=1
Cmd: compileSnippet
  api=4 type=0 insize=3912 outsize=1490 kw= pd=UNITY_ENABLE_REFLECTION_BUFFERS UNITY_USE_DITHER_MASK_FOR_ALPHABLENDED_SHADOWS UNITY_PBS_USE_BRDF1 UNITY_SPECCUBE_BOX_PROJECTION UNITY_SPECCUBE_BLENDING UNITY_ENABLE_DETAIL_NORMALMAP SHADER_API_DESKTOP UNITY_COLORSPACE_GAMMA UNITY_LIGHT_PROBE_PROXY_VOLUME UNITY_LIGHTMAP_FULL_HDR ok=1
Cmd: compileSnippet
  api=4 type=1 insize=3912 outsize=1502 kw= pd=UNITY_ENABLE_REFLECTION_BUFFERS UNITY_USE_DITHER_MASK_FOR_ALPHABLENDED_SHADOWS UNITY_PBS_USE_BRDF1 UNITY_SPECCUBE_BOX_PROJECTION UNITY_SPECCUBE_BLENDING UNITY_ENABLE_DETAIL_NORMALMAP SHADER_API_DESKTOP UNITY_COLORSPACE_GAMMA UNITY_LIGHT_PROBE_PROXY_VOLUME UNITY_LIGHTMAP_FULL_HDR ok=1
Cmd: preprocessCompute
  insize=5013 outsize=5015 ok=1
Cmd: compileComputeKernel
  api=4 insize=5015 outsize=2757 ok=1
Cmd: preprocessCompute
  insize=1163 outsize=1165 ok=1
Cmd: compileComputeKernel
  api=4 insize=1165 outsize=1319 ok=1
Cmd: preprocess
  insize=1414 outsize=393 ok=1
Cmd: compileSnippet
  api=4 type=0 insize=1462 outsize=650 kw= pd=UNITY_ENABLE_REFLECTION_BUFFERS UNITY_USE_DITHER_MASK_FOR_ALPHABLENDED_SHADOWS UNITY_PBS_USE_BRDF1 UNITY_SPECCUBE_BOX_PROJECTION UNITY_SPECCUBE_BLENDING UNITY_ENABLE_DETAIL_NORMALMAP SHADER_API_DESKTOP UNITY_COLORSPACE_GAMMA UNITY_LIGHT_PROBE_PROXY_VOLUME UNITY_LIGHTMAP_FULL_HDR ok=1
Cmd: compileSnippet
  api=4 type=1 insize=1462 outsize=298 kw= pd=UNITY_ENABLE_REFLECTION_BUFFERS UNITY_USE_DITHER_MASK_FOR_ALPHABLENDED_SHADOWS UNITY_PBS_USE_BRDF1 UNITY_SPECCUBE_BOX_PROJECTION UNITY_SPECCUBE_BLENDING UNITY_ENABLE_DETAIL_NORMALMAP SHADER_API_DESKTOP UNITY_COLORSPACE_GAMMA UNITY_LIGHT_PROBE_PROXY_VOLUME UNITY_LIGHTMAP_FULL_HDR ok=1
Cmd: preprocessCompute
  insize=10326 outsize=10338 ok=1
Cmd: compileComputeKernel
  api=4 insize=10338 outsize=4225 ok=1
Cmd: preprocessCompute
  insize=6371 outsize=6373 ok=1
Cmd: compileComputeKernel
  api=4 insize=6373 outsize=2003 ok=1
Cmd: preprocessCompute
  insize=5813 outsize=5815 ok=1
Cmd: compileComputeKernel
  api=4 insize=5815 outsize=1508 ok=1
Cmd: preprocess
  insize=22661 outsize=474 ok=1
Cmd: preprocessCompute
  insize=1965 outsize=1967 ok=1
Cmd: compileComputeKernel
  api=4 insize=1967 outsize=1398 ok=1
Cmd: preprocessCompute
  insize=6337 outsize=6339 ok=1
Cmd: compileComputeKernel
  api=4 insize=6339 outsize=2207 ok=1
Cmd: preprocessCompute
  insize=5813 outsize=5815 ok=1
Cmd: preprocess
  insize=22661 outsize=474 ok=1
Cmd: preprocessCompute
  insize=1965 outsize=1967 ok=1
Cmd: compileSnippet
  api=4 type=0 insize=22524 outsize=3354 kw=UNITY_PASS_FORWARDBASE pd=UNITY_ENABLE_REFLECTION_BUFFERS UNITY_USE_DITHER_MASK_FOR_ALPHABLENDED_SHADOWS UNITY_PBS_USE_BRDF1 UNITY_SPECCUBE_BOX_PROJECTION UNITY_SPECCUBE_BLENDING UNITY_ENABLE_DETAIL_NORMALMAP SHADER_API_DESKTOP UNITY_COLORSPACE_GAMMA UNITY_LIGHT_PROBE_PROXY_VOLUME UNITY_LIGHTMAP_FULL_HDR ok=1
Cmd: compileSnippet
  api=4 type=1 insize=22524 outsize=426 kw=UNITY_PASS_FORWARDBASE pd=UNITY_ENABLE_REFLECTION_BUFFERS UNITY_USE_DITHER_MASK_FOR_ALPHABLENDED_SHADOWS UNITY_PBS_USE_BRDF1 UNITY_SPECCUBE_BOX_PROJECTION UNITY_SPECCUBE_BLENDING UNITY_ENABLE_DETAIL_NORMALMAP SHADER_API_DESKTOP UNITY_COLORSPACE_GAMMA UNITY_LIGHT_PROBE_PROXY_VOLUME UNITY_LIGHTMAP_FULL_HDR ok=1
Cmd: preprocessCompute
  insize=6371 outsize=6373 ok=1
Cmd: preprocessCompute
  insize=5813 outsize=5815 ok=1
Cmd: preprocess
  insize=22661 outsize=474 ok=1
Cmd: preprocessCompute
  insize=1965 outsize=1967 ok=1
Cmd: preprocessCompute
  insize=6371 outsize=6373 ok=1
Cmd: preprocessCompute
  insize=5813 outsize=5815 ok=1
Cmd: preprocess
  insize=22661 outsize=474 ok=1
Cmd: preprocessCompute
  insize=1965 outsize=1967 ok=1
Cmd: preprocessCompute
  insize=6337 outsize=6339 ok=1
Cmd: preprocessCompute
  insize=5813 outsize=5815 ok=1
Cmd: preprocess
  insize=22661 outsize=474 ok=1
Cmd: preprocessCompute
  insize=1965 outsize=1967 ok=1
Cmd: preprocessCompute
  insize=6337 outsize=6339 ok=1
Cmd: preprocessCompute
  insize=5813 outsize=5815 ok=1
Cmd: preprocess
  insize=22661 outsize=474 ok=1
Cmd: preprocessCompute
  insize=1965 outsize=1967 ok=1
Cmd: preprocessCompute
  insize=6371 outsize=6373 ok=1
Cmd: preprocessCompute
  insize=5813 outsize=5815 ok=1
Cmd: preprocess
  insize=22661 outsize=474 ok=1
Cmd: preprocessCompute
  insize=1965 outsize=1967 ok=1
Cmd: preprocessCompute
  insize=6337 outsize=6339 ok=1
Cmd: preprocessCompute
  insize=5813 outsize=5815 ok=1
Cmd: preprocess
  insize=22661 outsize=474 ok=1
Cmd: preprocessCompute
  insize=1965 outsize=1967 ok=1
Cmd: preprocessCompute
  insize=6337 outsize=6339 ok=1
Cmd: preprocessCompute
  insize=5813 outsize=5815 ok=1
Cmd: preprocess
  insize=22661 outsize=473 ok=1
Cmd: preprocessCompute
  insize=1965 outsize=1967 ok=1
Cmd: preprocessCompute
  insize=6337 outsize=6339 ok=1
Cmd: preprocessCompute
  insize=6211 outsize=6213 ok=1
Cmd: compileComputeKernel
  api=4 insize=6213 outsize=1611 ok=1
Cmd: preprocess
  insize=22661 outsize=473 ok=1
Cmd: preprocessCompute
  insize=1965 outsize=1967 ok=1
Cmd: preprocessCompute
  insize=6782 outsize=6784 ok=1
Cmd: compileComputeKernel
  api=4 insize=6784 outsize=2465 ok=1
Cmd: preprocessCompute
  insize=6211 outsize=6213 ok=1
Cmd: preprocess
  insize=22661 outsize=473 ok=1
Cmd: preprocessCompute
  insize=1965 outsize=1967 ok=1
Cmd: preprocessCompute
  insize=6783 outsize=6785 ok=1
Cmd: compileComputeKernel
  api=4 insize=6785 outsize=2465 ok=1
Cmd: preprocessCompute
  insize=6213 outsize=6215 ok=1
Cmd: compileComputeKernel
  api=4 insize=6215 outsize=1611 ok=1
Cmd: preprocess
  insize=22660 outsize=474 ok=1
Cmd: preprocessCompute
  insize=1964 outsize=1966 ok=1
Cmd: compileComputeKernel
  api=4 insize=1966 outsize=1370 ok=1
Cmd: preprocessCompute
  insize=6780 outsize=6782 ok=1
Cmd: compileComputeKernel
  api=4 insize=6782 outsize=2537 ok=1
Cmd: preprocessCompute
  insize=6169 outsize=6171 ok=1
Cmd: compileComputeKernel
  api=4 insize=6171 outsize=1493 ok=1
Cmd: preprocess
  insize=22571 outsize=461 ok=1
Cmd: preprocessCompute
  insize=6780 outsize=6782 ok=1
Cmd: preprocessCompute
  insize=6169 outsize=6171 ok=1
Cmd: preprocess
  insize=22080 outsize=461 ok=1
Cmd: preprocessCompute
  insize=6780 outsize=6782 ok=1
Cmd: preprocessCompute
  insize=6169 outsize=6171 ok=1
Cmd: preprocess
  insize=22331 outsize=461 ok=1
Cmd: preprocessCompute
  insize=6780 outsize=6782 ok=1
Cmd: compileComputeKernel
  api=4 insize=6782 outsize=2509 ok=1
Cmd: preprocessCompute
  insize=6169 outsize=6171 ok=1
Cmd: compileComputeKernel
  api=4 insize=6171 outsize=1465 ok=1
Cmd: preprocess
  insize=21309 outsize=461 ok=1
Cmd: preprocessCompute
  insize=6780 outsize=6782 ok=1
Cmd: preprocessCompute
  insize=6169 outsize=6171 ok=1
Cmd: preprocess
  insize=21543 outsize=461 ok=1
Cmd: preprocessCompute
  insize=6780 outsize=6782 ok=1
Cmd: preprocessCompute
  insize=6169 outsize=6171 ok=1
Cmd: preprocess
  insize=21309 outsize=461 ok=1
Cmd: preprocessCompute
  insize=6780 outsize=6782 ok=1
Cmd: preprocessCompute
  insize=6169 outsize=6171 ok=1
Cmd: preprocess
  insize=21548 outsize=461 ok=1
Cmd: preprocessCompute
  insize=6780 outsize=6782 ok=1
Cmd: compileComputeKernel
  api=4 insize=6782 outsize=2509 ok=1
Cmd: preprocessCompute
  insize=6855 outsize=6857 ok=1
Cmd: compileComputeKernel
  api=4 insize=6857 outsize=1465 ok=1
Cmd: preprocess
  insize=21547 outsize=460 ok=1
Cmd: preprocessCompute
  insize=6780 outsize=6782 ok=1
Cmd: preprocessCompute
  insize=6908 outsize=6910 ok=1
Cmd: compileComputeKernel
  api=4 insize=6910 outsize=1465 ok=1
Cmd: preprocess
  insize=21547 outsize=460 ok=1
Cmd: preprocessCompute
  insize=6780 outsize=6782 ok=1
Cmd: preprocessCompute
  insize=7256 outsize=7258 ok=1
Cmd: compileComputeKernel
  api=4 insize=7258 outsize=1882 ok=1
Cmd: preprocess
  insize=21547 outsize=460 ok=1
Cmd: preprocessCompute
  insize=4201 outsize=4203 ok=1
Cmd: compileComputeKernel
  api=4 insize=4203 outsize=223 ok=1
Cmd: preprocessCompute
  insize=3450 outsize=3452 ok=1
Cmd: compileComputeKernel
  api=4 insize=3452 outsize=223 ok=1
Cmd: preprocess
  insize=21349 outsize=461 ok=1
Cmd: preprocessCompute
  insize=6780 outsize=6782 ok=1
Cmd: preprocessCompute
  insize=7256 outsize=7258 ok=1
Cmd: preprocess
  insize=21547 outsize=460 ok=1
Cmd: preprocessCompute
  insize=5059 outsize=5061 ok=1
Cmd: compileComputeKernel
  api=4 insize=5061 outsize=1082 ok=1
Cmd: preprocessCompute
  insize=4873 outsize=4875 ok=1
Cmd: compileComputeKernel
  api=4 insize=4875 outsize=1154 ok=1
Cmd: preprocess
  insize=21427 outsize=461 ok=1
Cmd: preprocessCompute
  insize=6780 outsize=6782 ok=1
Cmd: preprocessCompute
  insize=7256 outsize=7258 ok=1
Cmd: preprocess
  insize=21547 outsize=460 ok=1
Cmd: preprocessCompute
  insize=4201 outsize=4203 ok=1
Cmd: preprocessCompute
  insize=3450 outsize=3452 ok=1
Cmd: preprocess
  insize=21349 outsize=461 ok=1
Cmd: preprocessCompute
  insize=6780 outsize=6782 ok=1
Cmd: preprocessCompute
  insize=7256 outsize=7258 ok=1
Cmd: preprocess
  insize=21547 outsize=460 ok=1
Cmd: preprocessCompute
  insize=5203 outsize=5205 ok=1
Cmd: compileComputeKernel
  api=4 insize=5205 outsize=1768 ok=1
Cmd: preprocessCompute
  insize=4873 outsize=4875 ok=1
Cmd: preprocess
  insize=21427 outsize=461 ok=1
Cmd: preprocessCompute
  insize=6780 outsize=6782 ok=1
Cmd: preprocessCompute
  insize=7256 outsize=7258 ok=1
Cmd: preprocess
  insize=21547 outsize=460 ok=1
Cmd: preprocessCompute
  insize=5881 outsize=5883 ok=1
Cmd: compileComputeKernel
  api=4 insize=5883 outsize=2014 ok=1
Cmd: preprocessCompute
  insize=4877 outsize=4879 ok=1
Cmd: compileComputeKernel
  api=4 insize=4879 outsize=1154 ok=1
Cmd: preprocess
  insize=21555 outsize=459 ok=1
Cmd: preprocessCompute
  insize=6780 outsize=6782 ok=1
Cmd: preprocessCompute
  insize=7256 outsize=7258 ok=1
Cmd: preprocess
  insize=21547 outsize=460 ok=1
Cmd: preprocessCompute
  insize=5884 outsize=5886 ok=1
Cmd: compileComputeKernel
  api=4 insize=5886 outsize=2014 ok=1
Cmd: preprocessCompute
  insize=4885 outsize=4887 ok=1
Cmd: compileComputeKernel
  api=4 insize=4887 outsize=1154 ok=1
Cmd: preprocess
  insize=21560 outsize=461 ok=1
Cmd: preprocessCompute
  insize=6780 outsize=6782 ok=1
Cmd: preprocessCompute
  insize=7256 outsize=7258 ok=1
Cmd: preprocess
  insize=21547 outsize=460 ok=1
Cmd: preprocessCompute
  insize=6738 outsize=6740 ok=1
Cmd: compileComputeKernel
  api=4 insize=6740 outsize=2845 ok=1
Cmd: preprocessCompute
  insize=5795 outsize=5797 ok=1
Cmd: compileComputeKernel
  api=4 insize=5797 outsize=1390 ok=1
Cmd: preprocess
  insize=21563 outsize=461 ok=1
Cmd: preprocessCompute
  insize=6780 outsize=6782 ok=1
Cmd: preprocessCompute
  insize=7256 outsize=7258 ok=1
Cmd: preprocess
  insize=21547 outsize=460 ok=1
Cmd: preprocessCompute
  insize=6839 outsize=6841 ok=1
Cmd: compileComputeKernel
  api=4 insize=6841 outsize=3038 ok=1
Cmd: preprocessCompute
  insize=5795 outsize=5797 ok=1
Cmd: preprocess
  insize=21563 outsize=461 ok=1
Cmd: preprocessCompute
  insize=6780 outsize=6782 ok=1
Cmd: preprocessCompute
  insize=7256 outsize=7258 ok=1
Cmd: preprocess
  insize=21547 outsize=460 ok=1
Cmd: preprocessCompute
  insize=6840 outsize=6842 ok=1
Cmd: compileComputeKernel
  api=4 insize=6842 outsize=3010 ok=1
Cmd: preprocessCompute
  insize=6470 outsize=6472 ok=1
Cmd: compileComputeKernel
  api=4 insize=6472 outsize=1507 ok=1
Cmd: preprocess
  insize=21558 outsize=461 ok=1
Cmd: preprocessCompute
  insize=6780 outsize=6782 ok=1
Cmd: preprocessCompute
  insize=7256 outsize=7258 ok=1
Cmd: preprocess
  insize=21547 outsize=460 ok=1
Cmd: preprocessCompute
  insize=6840 outsize=6842 ok=1
Cmd: preprocessCompute
  insize=6727 outsize=6729 ok=1
Cmd: compileComputeKernel
  api=4 insize=6729 outsize=1582 ok=1
Cmd: preprocess
  insize=21558 outsize=461 ok=1
Cmd: preprocessCompute
  insize=6780 outsize=6782 ok=1
Cmd: preprocessCompute
  insize=7256 outsize=7258 ok=1
Cmd: preprocess
  insize=21547 outsize=460 ok=1
Cmd: preprocessCompute
  insize=6840 outsize=6842 ok=1
Cmd: preprocessCompute
  insize=6727 outsize=6729 ok=1
Cmd: preprocess
  insize=21329 outsize=461 ok=1
Cmd: preprocessCompute
  insize=6780 outsize=6782 ok=1
Cmd: preprocessCompute
  insize=7256 outsize=7258 ok=1
Cmd: preprocess
  insize=21547 outsize=460 ok=1
Cmd: preprocessCompute
  insize=6840 outsize=6842 ok=1
Cmd: preprocessCompute
  insize=6727 outsize=6729 ok=1
Cmd: preprocess
  insize=21329 outsize=461 ok=1
Cmd: preprocessCompute
  insize=6780 outsize=6782 ok=1
Cmd: preprocessCompute
  insize=7256 outsize=7258 ok=1
Cmd: preprocess
  insize=21547 outsize=460 ok=1
Cmd: preprocessCompute
  insize=6927 outsize=6929 ok=1
Cmd: compileComputeKernel
  api=4 insize=6929 outsize=3066 ok=1
Cmd: preprocessCompute
  insize=6727 outsize=6729 ok=1
Cmd: compileComputeKernel
  api=4 insize=6729 outsize=1582 ok=1
Cmd: preprocess
  insize=21864 outsize=461 ok=1
Cmd: preprocessCompute
  insize=6780 outsize=6782 ok=1
Cmd: preprocessCompute
  insize=7256 outsize=7258 ok=1
Cmd: preprocess
  insize=21547 outsize=460 ok=1
Cmd: preprocessCompute
  insize=6927 outsize=6929 ok=1
Cmd: preprocessCompute
  insize=6727 outsize=6729 ok=1
Cmd: preprocess
  insize=21602 outsize=461 ok=1
Cmd: preprocessCompute
  insize=6780 outsize=6782 ok=1
Cmd: preprocessCompute
  insize=7256 outsize=7258 ok=1
Cmd: preprocess
  insize=21547 outsize=460 ok=1
Cmd: preprocessCompute
  insize=6926 outsize=6928 ok=1
Cmd: compileComputeKernel
  api=4 insize=6928 outsize=3022 ok=1
Cmd: preprocessCompute
  insize=6723 outsize=6725 ok=1
Cmd: compileComputeKernel
  api=4 insize=6725 outsize=1650 ok=1
Cmd: preprocess
  insize=22623 outsize=461 ok=1
Cmd: preprocessCompute
  insize=6780 outsize=6782 ok=1
Cmd: preprocessCompute
  insize=7558 outsize=7560 ok=1
Cmd: compileComputeKernel
  api=4 insize=7560 outsize=1882 ok=1
Cmd: preprocess
  insize=21547 outsize=460 ok=1
Cmd: preprocessCompute
  insize=6926 outsize=6928 ok=1
Cmd: preprocessCompute
  insize=6723 outsize=6725 ok=1
Cmd: preprocess
  insize=22624 outsize=462 ok=1
Cmd: preprocessCompute
  insize=6780 outsize=6782 ok=1
Cmd: preprocessCompute
  insize=7611 outsize=7613 ok=1
Cmd: compileComputeKernel
  api=4 insize=7613 outsize=1882 ok=1
Cmd: preprocess
  insize=21547 outsize=460 ok=1
Cmd: preprocessCompute
  insize=6926 outsize=6928 ok=1
Cmd: preprocessCompute
  insize=6723 outsize=6725 ok=1
Cmd: preprocess
  insize=22624 outsize=462 ok=1
Cmd: preprocessCompute
  insize=6780 outsize=6782 ok=1
Cmd: preprocessCompute
  insize=7959 outsize=7961 ok=1
Cmd: compileComputeKernel
  error: 1 plat 4 at Fireworks.vfx(157): 'i': loop control variable conflicts with a previous declaration in the outer scope; most recent declaration will be used
  error: 1 plat 4 at Fireworks.vfx(175): 'i': loop control variable conflicts with a previous declaration in the outer scope; most recent declaration will be used
  api=4 insize=7961 outsize=2275 ok=1
Cmd: preprocess
  insize=21547 outsize=460 ok=1
Cmd: preprocessCompute
  insize=6926 outsize=6928 ok=1
Cmd: preprocessCompute
  insize=6723 outsize=6725 ok=1
Cmd: preprocess
  insize=22624 outsize=462 ok=1
Cmd: preprocessCompute
  insize=4201 outsize=4203 ok=1
Cmd: preprocessCompute
  insize=3482 outsize=3484 ok=1
Cmd: compileComputeKernel
  api=4 insize=3484 outsize=659 ok=1
Cmd: preprocess
  insize=16101 outsize=475 ok=1
Cmd: preprocessCompute
  insize=1893 outsize=1895 ok=1
Cmd: compileComputeKernel
  api=4 insize=1895 outsize=1006 ok=1
Cmd: preprocessCompute
  insize=6780 outsize=6782 ok=1
Cmd: preprocessCompute
  insize=7611 outsize=7613 ok=1
Cmd: preprocess
  insize=21547 outsize=460 ok=1
Cmd: preprocessCompute
  insize=6926 outsize=6928 ok=1
Cmd: preprocessCompute
  insize=6723 outsize=6725 ok=1
Cmd: preprocess
  insize=22624 outsize=462 ok=1
Cmd: preprocessCompute
  insize=6780 outsize=6782 ok=1
Cmd: preprocessCompute
  insize=7959 outsize=7961 ok=1
Cmd: preprocess
  insize=21547 outsize=460 ok=1
Cmd: preprocessCompute
  insize=6926 outsize=6928 ok=1
Cmd: preprocessCompute
  insize=6723 outsize=6725 ok=1
Cmd: preprocess
  insize=22624 outsize=462 ok=1
Cmd: preprocessCompute
  insize=4201 outsize=4203 ok=1
Cmd: preprocessCompute
  insize=3482 outsize=3484 ok=1
Cmd: preprocess
  insize=20250 outsize=474 ok=1
Cmd: preprocessCompute
  insize=1893 outsize=1895 ok=1
Cmd: preprocessCompute
  insize=6780 outsize=6782 ok=1
Cmd: preprocessCompute
  insize=7611 outsize=7613 ok=1
Cmd: preprocess
  insize=21547 outsize=460 ok=1
Cmd: preprocessCompute
  insize=6926 outsize=6928 ok=1
Cmd: preprocessCompute
  insize=6723 outsize=6725 ok=1
Cmd: preprocess
  insize=22624 outsize=462 ok=1
Cmd: preprocessCompute
  insize=6780 outsize=6782 ok=1
Cmd: preprocessCompute
  insize=7959 outsize=7961 ok=1
Cmd: preprocess
  insize=21547 outsize=460 ok=1
Cmd: preprocessCompute
  insize=6926 outsize=6928 ok=1
Cmd: preprocessCompute
  insize=6723 outsize=6725 ok=1
Cmd: preprocess
  insize=22624 outsize=462 ok=1
Cmd: preprocessCompute
  insize=4201 outsize=4203 ok=1
Cmd: preprocessCompute
  insize=3450 outsize=3452 ok=1
Cmd: preprocess
  insize=21349 outsize=461 ok=1
Cmd: preprocessCompute
  insize=6780 outsize=6782 ok=1
Cmd: preprocessCompute
  insize=7959 outsize=7961 ok=1
Cmd: preprocess
  insize=21547 outsize=460 ok=1
Cmd: preprocessCompute
  insize=6926 outsize=6928 ok=1
Cmd: preprocessCompute
  insize=6723 outsize=6725 ok=1
Cmd: preprocess
  insize=22624 outsize=462 ok=1
Cmd: preprocessCompute
  insize=4201 outsize=4203 ok=1
Cmd: preprocessCompute
  insize=3450 outsize=3452 ok=1
Cmd: preprocess
  insize=21349 outsize=461 ok=1
Cmd: preprocessCompute
  insize=6780 outsize=6782 ok=1
Cmd: preprocessCompute
  insize=7959 outsize=7961 ok=1
Cmd: preprocess
  insize=21547 outsize=460 ok=1
Cmd: preprocessCompute
  insize=6926 outsize=6928 ok=1
Cmd: preprocessCompute
  insize=6723 outsize=6725 ok=1
Cmd: preprocess
  insize=22624 outsize=462 ok=1
Cmd: preprocessCompute
  insize=5060 outsize=5062 ok=1
Cmd: compileComputeKernel
  api=4 insize=5062 outsize=1082 ok=1
Cmd: preprocessCompute
  insize=4877 outsize=4879 ok=1
Cmd: compileComputeKernel
  api=4 insize=4879 outsize=1154 ok=1
Cmd: preprocess
  insize=21429 outsize=461 ok=1
Cmd: preprocessCompute
  insize=6780 outsize=6782 ok=1
Cmd: preprocessCompute
  insize=7959 outsize=7961 ok=1
Cmd: preprocess
  insize=21547 outsize=460 ok=1
Cmd: preprocessCompute
  insize=6926 outsize=6928 ok=1
Cmd: preprocessCompute
  insize=6723 outsize=6725 ok=1
Cmd: preprocess
  insize=22624 outsize=462 ok=1
Cmd: preprocessCompute
  insize=5740 outsize=5742 ok=1
Cmd: compileComputeKernel
  api=4 insize=5742 outsize=1328 ok=1
Cmd: preprocessCompute
  insize=4885 outsize=4887 ok=1
Cmd: preprocess
  insize=21560 outsize=461 ok=1
Cmd: preprocessCompute
  insize=6780 outsize=6782 ok=1
Cmd: preprocessCompute
  insize=7959 outsize=7961 ok=1
Cmd: preprocess
  insize=21547 outsize=460 ok=1
Cmd: preprocessCompute
  insize=6926 outsize=6928 ok=1
Cmd: preprocessCompute
  insize=6723 outsize=6725 ok=1
Cmd: preprocess
  insize=22624 outsize=462 ok=1
Cmd: preprocessCompute
  insize=6693 outsize=6695 ok=1
Cmd: compileComputeKernel
  api=4 insize=6695 outsize=2613 ok=1
Cmd: preprocessCompute
  insize=5795 outsize=5797 ok=1
Cmd: preprocess
  insize=21563 outsize=461 ok=1
Cmd: preprocessCompute
  insize=6780 outsize=6782 ok=1
Cmd: preprocessCompute
  insize=7959 outsize=7961 ok=1
Cmd: preprocess
  insize=21547 outsize=460 ok=1
Cmd: preprocessCompute
  insize=6926 outsize=6928 ok=1
Cmd: preprocessCompute
  insize=6723 outsize=6725 ok=1
Cmd: preprocess
  insize=22624 outsize=462 ok=1
Cmd: preprocessCompute
  insize=6693 outsize=6695 ok=1
Cmd: preprocessCompute
  insize=5795 outsize=5797 ok=1
Cmd: preprocess
  insize=22001 outsize=461 ok=1
Cmd: preprocessCompute
  insize=6780 outsize=6782 ok=1
Cmd: preprocessCompute
  insize=7959 outsize=7961 ok=1
Cmd: preprocess
  insize=21547 outsize=460 ok=1
Cmd: preprocessCompute
  insize=6926 outsize=6928 ok=1
Cmd: preprocessCompute
  insize=6723 outsize=6725 ok=1
Cmd: preprocess
  insize=22624 outsize=462 ok=1
Cmd: preprocessCompute
  insize=6693 outsize=6695 ok=1
Cmd: preprocessCompute
  insize=5795 outsize=5797 ok=1
Cmd: preprocess
  insize=22001 outsize=461 ok=1
Cmd: preprocessCompute
  insize=6780 outsize=6782 ok=1
Cmd: preprocessCompute
  insize=7959 outsize=7961 ok=1
Cmd: preprocess
  insize=21547 outsize=460 ok=1
Cmd: preprocessCompute
  insize=6926 outsize=6928 ok=1
Cmd: preprocessCompute
  insize=6723 outsize=6725 ok=1
Cmd: preprocess
  insize=22624 outsize=462 ok=1
Cmd: preprocessCompute
  insize=6693 outsize=6695 ok=1
Cmd: preprocessCompute
  insize=5795 outsize=5797 ok=1
Cmd: preprocess
  insize=21717 outsize=461 ok=1
Cmd: preprocessCompute
  insize=6780 outsize=6782 ok=1
Cmd: preprocessCompute
  insize=7959 outsize=7961 ok=1
Cmd: preprocess
  insize=21547 outsize=460 ok=1
Cmd: preprocessCompute
  insize=6926 outsize=6928 ok=1
Cmd: preprocessCompute
  insize=6723 outsize=6725 ok=1
Cmd: preprocess
  insize=22624 outsize=462 ok=1
Cmd: preprocessCompute
  insize=6693 outsize=6695 ok=1
Cmd: compileComputeKernel
  api=4 insize=6695 outsize=2569 ok=1
Cmd: preprocessCompute
  insize=5789 outsize=5791 ok=1
Cmd: compileComputeKernel
  api=4 insize=5791 outsize=1402 ok=1
Cmd: preprocess
  insize=22757 outsize=461 ok=1
Cmd: preprocessCompute
  insize=6780 outsize=6782 ok=1
Cmd: preprocessCompute
  insize=7959 outsize=7961 ok=1
Cmd: preprocess
  insize=21547 outsize=460 ok=1
Cmd: preprocessCompute
  insize=6926 outsize=6928 ok=1
Cmd: preprocessCompute
  insize=6723 outsize=6725 ok=1
Cmd: preprocess
  insize=22624 outsize=462 ok=1
Cmd: preprocessCompute
  insize=6693 outsize=6695 ok=1
Cmd: preprocessCompute
  insize=5795 outsize=5797 ok=1
Cmd: preprocess
  insize=21717 outsize=461 ok=1
Cmd: preprocessCompute
  insize=6780 outsize=6782 ok=1
Cmd: preprocessCompute
  insize=7959 outsize=7961 ok=1
Cmd: preprocess
  insize=21547 outsize=460 ok=1
Cmd: preprocessCompute
  insize=6926 outsize=6928 ok=1
Cmd: preprocessCompute
  insize=6723 outsize=6725 ok=1
Cmd: preprocess
  insize=22624 outsize=462 ok=1
Cmd: preprocessCompute
  insize=6693 outsize=6695 ok=1
Cmd: preprocessCompute
  insize=5789 outsize=5791 ok=1
Cmd: preprocess
  insize=22757 outsize=461 ok=1
Cmd: preprocessCompute
  insize=6780 outsize=6782 ok=1
Cmd: preprocessCompute
  insize=7959 outsize=7961 ok=1
Cmd: preprocess
  insize=21547 outsize=460 ok=1
Cmd: preprocessCompute
  insize=7125 outsize=7127 ok=1
Cmd: compileComputeKernel
  api=4 insize=7127 outsize=3042 ok=1
Cmd: preprocessCompute
  insize=7868 outsize=7870 ok=1
Cmd: compileComputeKernel
  api=4 insize=7870 outsize=1792 ok=1
Cmd: preprocess
  insize=22624 outsize=462 ok=1
Cmd: preprocessCompute
  insize=6693 outsize=6695 ok=1
Cmd: preprocessCompute
  insize=5789 outsize=5791 ok=1
Cmd: preprocess
  insize=22761 outsize=465 ok=1
Cmd: preprocessCompute
  insize=6780 outsize=6782 ok=1
Cmd: preprocessCompute
  insize=7959 outsize=7961 ok=1
Cmd: preprocess
  insize=21547 outsize=460 ok=1
Cmd: preprocessCompute
  insize=7125 outsize=7127 ok=1
Cmd: preprocessCompute
  insize=7921 outsize=7923 ok=1
Cmd: compileComputeKernel
  api=4 insize=7923 outsize=1792 ok=1
Cmd: preprocess
  insize=22624 outsize=462 ok=1
Cmd: preprocessCompute
  insize=6693 outsize=6695 ok=1
Cmd: preprocessCompute
  insize=5789 outsize=5791 ok=1
Cmd: preprocess
  insize=22761 outsize=465 ok=1
Cmd: preprocessCompute
  insize=6780 outsize=6782 ok=1
Cmd: preprocessCompute
  insize=7959 outsize=7961 ok=1
Cmd: preprocess
  insize=21547 outsize=460 ok=1
Cmd: preprocessCompute
  insize=7125 outsize=7127 ok=1
Cmd: preprocessCompute
  insize=8269 outsize=8271 ok=1
Cmd: compileComputeKernel
  api=4 insize=8271 outsize=2214 ok=1
Cmd: preprocess
  insize=22624 outsize=462 ok=1
Cmd: preprocessCompute
  insize=6693 outsize=6695 ok=1
Cmd: preprocessCompute
  insize=5789 outsize=5791 ok=1
Cmd: preprocess
  insize=22761 outsize=465 ok=1
Cmd: preprocessCompute
  insize=6695 outsize=6697 ok=1
Cmd: compileComputeKernel
  api=4 insize=6697 outsize=2597 ok=1
Cmd: preprocessCompute
  insize=5789 outsize=5791 ok=1
Cmd: preprocess
  insize=22757 outsize=461 ok=1
Cmd: preprocessCompute
  insize=6780 outsize=6782 ok=1
Cmd: preprocessCompute
  insize=7959 outsize=7961 ok=1
Cmd: preprocess
  insize=21547 outsize=460 ok=1
Cmd: preprocessCompute
  insize=7125 outsize=7127 ok=1
Cmd: preprocessCompute
  insize=8269 outsize=8271 ok=1
Cmd: preprocess
  insize=22624 outsize=462 ok=1
Cmd: preprocessCompute
  insize=6693 outsize=6695 ok=1
Cmd: preprocessCompute
  insize=5789 outsize=5791 ok=1
Cmd: preprocess
  insize=22761 outsize=465 ok=1
Cmd: preprocessCompute
  insize=6695 outsize=6697 ok=1
Cmd: preprocessCompute
  insize=5789 outsize=5791 ok=1
Cmd: preprocess
  insize=22341 outsize=461 ok=1
Cmd: preprocessCompute
  insize=6780 outsize=6782 ok=1
Cmd: preprocessCompute
  insize=7959 outsize=7961 ok=1
Cmd: preprocess
  insize=21547 outsize=460 ok=1
Cmd: preprocessCompute
  insize=7125 outsize=7127 ok=1
Cmd: preprocessCompute
  insize=8269 outsize=8271 ok=1
Cmd: preprocess
  insize=22624 outsize=462 ok=1
Cmd: preprocessCompute
  insize=6693 outsize=6695 ok=1
Cmd: preprocessCompute
  insize=5789 outsize=5791 ok=1
Cmd: preprocess
  insize=22761 outsize=465 ok=1
Cmd: preprocessCompute
  insize=6699 outsize=6701 ok=1
Cmd: compileComputeKernel
  api=4 insize=6701 outsize=2597 ok=1
Cmd: preprocessCompute
  insize=5803 outsize=5805 ok=1
Cmd: compileComputeKernel
  api=4 insize=5805 outsize=1402 ok=1
Cmd: preprocess
  insize=22348 outsize=461 ok=1
Cmd: preprocessCompute
  insize=6785 outsize=6787 ok=1
Cmd: compileComputeKernel
  api=4 insize=6787 outsize=2509 ok=1
Cmd: preprocessCompute
  insize=7977 outsize=7979 ok=1
Cmd: compileComputeKernel
  error: 1 plat 4 at Fireworks.vfx(157): 'i': loop control variable conflicts with a previous declaration in the outer scope; most recent declaration will be used
  error: 1 plat 4 at Fireworks.vfx(175): 'i': loop control variable conflicts with a previous declaration in the outer scope; most recent declaration will be used
  api=4 insize=7979 outsize=2275 ok=1
Cmd: preprocess
  insize=21547 outsize=460 ok=1
Cmd: preprocessCompute
  insize=7125 outsize=7127 ok=1
Cmd: preprocessCompute
  insize=8269 outsize=8271 ok=1
Cmd: preprocess
  insize=22624 outsize=462 ok=1
Cmd: preprocessCompute
  insize=6693 outsize=6695 ok=1
Cmd: preprocessCompute
  insize=5789 outsize=5791 ok=1
Cmd: preprocess
  insize=22761 outsize=465 ok=1
Cmd: preprocessCompute
  insize=6699 outsize=6701 ok=1
Cmd: preprocessCompute
  insize=5803 outsize=5805 ok=1
Cmd: preprocess
  insize=22348 outsize=461 ok=1
Cmd: preprocessCompute
  insize=6785 outsize=6787 ok=1
Cmd: preprocessCompute
  insize=7977 outsize=7979 ok=1
Cmd: preprocess
  insize=21547 outsize=460 ok=1
Cmd: preprocessCompute
  insize=7125 outsize=7127 ok=1
Cmd: preprocessCompute
  insize=8269 outsize=8271 ok=1
Cmd: preprocess
  insize=22624 outsize=462 ok=1
Cmd: preprocessCompute
  insize=6697 outsize=6699 ok=1
Cmd: compileComputeKernel
  api=4 insize=6699 outsize=2569 ok=1
Cmd: preprocessCompute
  insize=5803 outsize=5805 ok=1
Cmd: preprocess
  insize=22768 outsize=464 ok=1
Cmd: preprocessCompute
  insize=6699 outsize=6701 ok=1
Cmd: preprocessCompute
  insize=5803 outsize=5805 ok=1
Cmd: preprocess
  insize=22348 outsize=461 ok=1
Cmd: preprocessCompute
  insize=6785 outsize=6787 ok=1
Cmd: preprocessCompute
  insize=7977 outsize=7979 ok=1
Cmd: preprocess
  insize=21547 outsize=460 ok=1
Cmd: preprocessCompute
  insize=7131 outsize=7133 ok=1
Cmd: compileComputeKernel
  api=4 insize=7133 outsize=3042 ok=1
Cmd: preprocessCompute
  insize=8289 outsize=8291 ok=1
Cmd: compileComputeKernel
  api=4 insize=8291 outsize=2214 ok=1
Cmd: preprocess
  insize=22633 outsize=462 ok=1
Cmd: preprocessCompute
  insize=6697 outsize=6699 ok=1
Cmd: preprocessCompute
  insize=5803 outsize=5805 ok=1
Cmd: preprocess
  insize=22768 outsize=464 ok=1
Cmd: preprocessCompute
  insize=6700 outsize=6702 ok=1
Cmd: compileComputeKernel
  api=4 insize=6702 outsize=2597 ok=1
Cmd: preprocessCompute
  insize=5803 outsize=5805 ok=1
Cmd: preprocess
  insize=22348 outsize=461 ok=1
Cmd: preprocessCompute
  insize=6785 outsize=6787 ok=1
Cmd: preprocessCompute
  insize=7977 outsize=7979 ok=1
Cmd: preprocess
  insize=21547 outsize=460 ok=1
Cmd: preprocessCompute
  insize=7131 outsize=7133 ok=1
Cmd: preprocessCompute
  insize=8289 outsize=8291 ok=1
Cmd: preprocess
  insize=22633 outsize=462 ok=1
Cmd: preprocessCompute
  insize=6697 outsize=6699 ok=1
Cmd: preprocessCompute
  insize=5803 outsize=5805 ok=1
Cmd: preprocess
  insize=22768 outsize=464 ok=1
Cmd: preprocessCompute
  insize=6703 outsize=6705 ok=1
Cmd: compileComputeKernel
  api=4 insize=6705 outsize=2597 ok=1
Cmd: preprocessCompute
  insize=5815 outsize=5817 ok=1
Cmd: compileComputeKernel
  api=4 insize=5817 outsize=1402 ok=1
Cmd: preprocess
  insize=22355 outsize=461 ok=1
Cmd: preprocessCompute
  insize=6785 outsize=6787 ok=1
Cmd: preprocessCompute
  insize=7977 outsize=7979 ok=1
Cmd: preprocess
  insize=21547 outsize=460 ok=1
Cmd: preprocessCompute
  insize=7131 outsize=7133 ok=1
Cmd: preprocessCompute
  insize=8289 outsize=8291 ok=1
Cmd: preprocess
  insize=22633 outsize=462 ok=1
Cmd: preprocessCompute
  insize=6697 outsize=6699 ok=1
Cmd: preprocessCompute
  insize=5803 outsize=5805 ok=1
Cmd: preprocess
  insize=22768 outsize=464 ok=1
Cmd: preprocessCompute
  insize=6703 outsize=6705 ok=1
Cmd: preprocessCompute
  insize=5815 outsize=5817 ok=1
Cmd: preprocess
  insize=22355 outsize=461 ok=1
Cmd: preprocessCompute
  insize=6785 outsize=6787 ok=1
Cmd: preprocessCompute
  insize=7977 outsize=7979 ok=1
Cmd: preprocess
  insize=21547 outsize=460 ok=1
Cmd: preprocessCompute
  insize=7131 outsize=7133 ok=1
Cmd: preprocessCompute
  insize=8289 outsize=8291 ok=1
Cmd: preprocess
  insize=22633 outsize=462 ok=1
Cmd: preprocessCompute
  insize=6697 outsize=6699 ok=1
Cmd: preprocessCompute
  insize=5803 outsize=5805 ok=1
Cmd: preprocess
  insize=22768 outsize=464 ok=1
Cmd: preprocessCompute
  insize=6703 outsize=6705 ok=1
Cmd: preprocessCompute
  insize=5815 outsize=5817 ok=1
Cmd: preprocess
  insize=22355 outsize=461 ok=1
Cmd: preprocessCompute
  insize=6785 outsize=6787 ok=1
Cmd: preprocessCompute
  insize=7977 outsize=7979 ok=1
Cmd: preprocess
  insize=21547 outsize=460 ok=1
Cmd: preprocessCompute
  insize=7131 outsize=7133 ok=1
Cmd: preprocessCompute
  insize=8289 outsize=8291 ok=1
Cmd: preprocess
  insize=22633 outsize=462 ok=1
Cmd: preprocessCompute
  insize=6697 outsize=6699 ok=1
Cmd: preprocessCompute
  insize=5803 outsize=5805 ok=1
Cmd: preprocess
  insize=22768 outsize=464 ok=1
Cmd: preprocessCompute
  insize=6703 outsize=6705 ok=1
Cmd: preprocessCompute
  insize=5815 outsize=5817 ok=1
Cmd: preprocess
  insize=22355 outsize=461 ok=1
Cmd: preprocessCompute
  insize=6785 outsize=6787 ok=1
Cmd: preprocessCompute
  insize=7977 outsize=7979 ok=1
Cmd: preprocess
  insize=21547 outsize=460 ok=1
Cmd: preprocessCompute
  insize=7131 outsize=7133 ok=1
Cmd: preprocessCompute
  insize=8289 outsize=8291 ok=1
Cmd: preprocess
  insize=22633 outsize=462 ok=1
Cmd: preprocessCompute
  insize=6697 outsize=6699 ok=1
Cmd: preprocessCompute
  insize=5803 outsize=5805 ok=1
Cmd: preprocess
  insize=22768 outsize=464 ok=1
Cmd: preprocessCompute
  insize=6703 outsize=6705 ok=1
Cmd: preprocessCompute
  insize=5815 outsize=5817 ok=1
Cmd: preprocess
  insize=22355 outsize=461 ok=1
Cmd: preprocessCompute
  insize=6785 outsize=6787 ok=1
Cmd: preprocessCompute
  insize=7977 outsize=7979 ok=1
Cmd: preprocess
  insize=21547 outsize=460 ok=1
Cmd: preprocessCompute
  insize=7131 outsize=7133 ok=1
Cmd: preprocessCompute
  insize=8289 outsize=8291 ok=1
Cmd: preprocess
  insize=22633 outsize=462 ok=1
Cmd: preprocessCompute
  insize=6697 outsize=6699 ok=1
Cmd: preprocessCompute
  insize=5803 outsize=5805 ok=1
Cmd: preprocess
  insize=22768 outsize=464 ok=1
Cmd: preprocessCompute
  insize=6703 outsize=6705 ok=1
Cmd: preprocessCompute
  insize=5815 outsize=5817 ok=1
Cmd: preprocess
  insize=22355 outsize=461 ok=1
Cmd: preprocessCompute
  insize=6785 outsize=6787 ok=1
Cmd: preprocessCompute
  insize=7977 outsize=7979 ok=1
Cmd: preprocess
  insize=21547 outsize=460 ok=1
Cmd: preprocessCompute
  insize=7131 outsize=7133 ok=1
Cmd: preprocessCompute
  insize=8289 outsize=8291 ok=1
Cmd: preprocess
  insize=22633 outsize=462 ok=1
Cmd: preprocessCompute
  insize=6697 outsize=6699 ok=1
Cmd: preprocessCompute
  insize=5803 outsize=5805 ok=1
Cmd: preprocess
  insize=22768 outsize=464 ok=1
Cmd: preprocessCompute
  insize=6703 outsize=6705 ok=1
Cmd: preprocessCompute
  insize=5815 outsize=5817 ok=1
Cmd: preprocess
  insize=22355 outsize=461 ok=1
Cmd: preprocessCompute
  insize=6785 outsize=6787 ok=1
Cmd: preprocessCompute
  insize=7977 outsize=7979 ok=1
Cmd: preprocess
  insize=21547 outsize=460 ok=1
Cmd: preprocessCompute
  insize=7131 outsize=7133 ok=1
Cmd: preprocessCompute
  insize=8289 outsize=8291 ok=1
Cmd: preprocess
  insize=22633 outsize=462 ok=1
Cmd: preprocessCompute
  insize=6697 outsize=6699 ok=1
Cmd: preprocessCompute
  insize=5803 outsize=5805 ok=1
Cmd: preprocess
  insize=22768 outsize=464 ok=1
Cmd: preprocessCompute
  insize=6703 outsize=6705 ok=1
Cmd: preprocessCompute
  insize=5815 outsize=5817 ok=1
Cmd: preprocess
  insize=22355 outsize=461 ok=1
Cmd: preprocessCompute
  insize=6785 outsize=6787 ok=1
Cmd: preprocessCompute
  insize=7977 outsize=7979 ok=1
Cmd: preprocess
  insize=21547 outsize=460 ok=1
Cmd: preprocessCompute
  insize=7131 outsize=7133 ok=1
Cmd: preprocessCompute
  insize=8289 outsize=8291 ok=1
Cmd: preprocess
  insize=22633 outsize=462 ok=1
Cmd: preprocessCompute
  insize=6697 outsize=6699 ok=1
Cmd: preprocessCompute
  insize=5803 outsize=5805 ok=1
Cmd: preprocess
  insize=22768 outsize=464 ok=1
Cmd: preprocessCompute
  insize=6703 outsize=6705 ok=1
Cmd: preprocessCompute
  insize=5815 outsize=5817 ok=1
Cmd: preprocess
  insize=22355 outsize=461 ok=1
Cmd: preprocessCompute
  insize=6785 outsize=6787 ok=1
Cmd: preprocessCompute
  insize=7977 outsize=7979 ok=1
Cmd: preprocess
  insize=21547 outsize=460 ok=1
Cmd: preprocessCompute
  insize=7131 outsize=7133 ok=1
Cmd: preprocessCompute
  insize=8289 outsize=8291 ok=1
Cmd: preprocess
  insize=22633 outsize=462 ok=1
Cmd: preprocessCompute
  insize=6697 outsize=6699 ok=1
Cmd: preprocessCompute
  insize=5803 outsize=5805 ok=1
Cmd: preprocess
  insize=22768 outsize=464 ok=1
Cmd: preprocessCompute
  insize=6703 outsize=6705 ok=1
Cmd: preprocessCompute
  insize=5815 outsize=5817 ok=1
Cmd: preprocess
  insize=22355 outsize=461 ok=1
Cmd: preprocessCompute
  insize=6785 outsize=6787 ok=1
Cmd: preprocessCompute
  insize=7977 outsize=7979 ok=1
Cmd: preprocess
  insize=21547 outsize=460 ok=1
Cmd: preprocessCompute
  insize=7131 outsize=7133 ok=1
Cmd: preprocessCompute
  insize=8289 outsize=8291 ok=1
Cmd: preprocess
  insize=22633 outsize=462 ok=1
Cmd: preprocessCompute
  insize=6697 outsize=6699 ok=1
Cmd: preprocessCompute
  insize=5803 outsize=5805 ok=1
Cmd: preprocess
  insize=22768 outsize=464 ok=1
Cmd: preprocessCompute
  insize=6703 outsize=6705 ok=1
Cmd: preprocessCompute
  insize=5815 outsize=5817 ok=1
Cmd: preprocess
  insize=22355 outsize=461 ok=1
Cmd: preprocessCompute
  insize=6785 outsize=6787 ok=1
Cmd: preprocessCompute
  insize=7977 outsize=7979 ok=1
Cmd: preprocess
  insize=21547 outsize=460 ok=1
Cmd: preprocessCompute
  insize=7131 outsize=7133 ok=1
Cmd: preprocessCompute
  insize=8289 outsize=8291 ok=1
Cmd: preprocess
  insize=22633 outsize=462 ok=1
Cmd: preprocessCompute
  insize=6697 outsize=6699 ok=1
Cmd: preprocessCompute
  insize=5803 outsize=5805 ok=1
Cmd: preprocess
  insize=22768 outsize=464 ok=1
Cmd: preprocessCompute
  insize=6703 outsize=6705 ok=1
Cmd: preprocessCompute
  insize=5815 outsize=5817 ok=1
Cmd: preprocess
  insize=22355 outsize=461 ok=1
Cmd: preprocessCompute
  insize=6785 outsize=6787 ok=1
Cmd: preprocessCompute
  insize=7977 outsize=7979 ok=1
Cmd: preprocess
  insize=21547 outsize=460 ok=1
Cmd: preprocessCompute
  insize=7131 outsize=7133 ok=1
Cmd: preprocessCompute
  insize=8289 outsize=8291 ok=1
Cmd: preprocess
  insize=22633 outsize=462 ok=1
Cmd: preprocessCompute
  insize=6697 outsize=6699 ok=1
Cmd: preprocessCompute
  insize=5803 outsize=5805 ok=1
Cmd: preprocess
  insize=22768 outsize=464 ok=1
Cmd: preprocessCompute
  insize=6703 outsize=6705 ok=1
Cmd: preprocessCompute
  insize=5815 outsize=5817 ok=1
Cmd: preprocess
  insize=22355 outsize=461 ok=1
Cmd: preprocessCompute
  insize=6785 outsize=6787 ok=1
Cmd: preprocessCompute
  insize=7977 outsize=7979 ok=1
Cmd: preprocess
  insize=21547 outsize=460 ok=1
Cmd: preprocessCompute
  insize=7131 outsize=7133 ok=1
Cmd: preprocessCompute
  insize=8289 outsize=8291 ok=1
Cmd: preprocess
  insize=22633 outsize=462 ok=1
Cmd: preprocessCompute
  insize=6697 outsize=6699 ok=1
Cmd: preprocessCompute
  insize=5803 outsize=5805 ok=1
Cmd: preprocess
  insize=22768 outsize=464 ok=1
Cmd: preprocessCompute
  insize=6703 outsize=6705 ok=1
Cmd: preprocessCompute
  insize=5815 outsize=5817 ok=1
Cmd: preprocess
  insize=22355 outsize=461 ok=1
Cmd: preprocessCompute
  insize=6745 outsize=6747 ok=1
Cmd: compileComputeKernel
  api=4 insize=6747 outsize=2199 ok=1
Cmd: preprocessCompute
  insize=8035 outsize=8037 ok=1
Cmd: compileComputeKernel
  error: 1 plat 4 at Fireworks.vfx(160): 'i': loop control variable conflicts with a previous declaration in the outer scope; most recent declaration will be used
  error: 1 plat 4 at Fireworks.vfx(178): 'i': loop control variable conflicts with a previous declaration in the outer scope; most recent declaration will be used
  api=4 insize=8037 outsize=2178 ok=1
Cmd: preprocess
  insize=21534 outsize=459 ok=1
Cmd: preprocessCompute
  insize=7016 outsize=7018 ok=1
Cmd: compileComputeKernel
  api=4 insize=7018 outsize=2652 ok=1
Cmd: preprocessCompute
  insize=8322 outsize=8324 ok=1
Cmd: compileComputeKernel
  api=4 insize=8324 outsize=2112 ok=1
Cmd: preprocess
  insize=22648 outsize=462 ok=1
Cmd: preprocessCompute
  insize=6629 outsize=6631 ok=1
Cmd: compileComputeKernel
  api=4 insize=6631 outsize=2324 ok=1
Cmd: preprocessCompute
  insize=5803 outsize=5805 ok=1
Cmd: preprocess
  insize=22779 outsize=465 ok=1
Cmd: preprocessCompute
  insize=6627 outsize=6629 ok=1
Cmd: compileComputeKernel
  api=4 insize=6629 outsize=2352 ok=1
Cmd: preprocessCompute
  insize=5815 outsize=5817 ok=1
Cmd: preprocess
  insize=22364 outsize=461 ok=1
Cmd: preprocessCompute
  insize=6745 outsize=6747 ok=1
Cmd: preprocessCompute
  insize=8035 outsize=8037 ok=1
Cmd: preprocess
  insize=21534 outsize=459 ok=1
Cmd: preprocessCompute
  insize=7016 outsize=7018 ok=1
Cmd: preprocessCompute
  insize=8322 outsize=8324 ok=1
Cmd: preprocess
  insize=22648 outsize=462 ok=1
Cmd: preprocessCompute
  insize=6629 outsize=6631 ok=1
Cmd: preprocessCompute
  insize=5803 outsize=5805 ok=1
Cmd: preprocess
  insize=22779 outsize=465 ok=1
Cmd: preprocessCompute
  insize=6627 outsize=6629 ok=1
Cmd: preprocessCompute
  insize=5815 outsize=5817 ok=1
Cmd: preprocess
  insize=22364 outsize=461 ok=1

Quitting shader compiler process
